<?xml version="1.0" encoding="UTF-8"?>
<testsuite name="com.bgpark.exception.ExceptionV1Test" tests="1" skipped="0" failures="0" errors="0" timestamp="2024-11-13T19:45:12" hostname="Byeonggilui-MacBookPro-2.local" time="2.021">
  <properties/>
  <testcase name="name_v2()" classname="com.bgpark.exception.ExceptionV1Test" time="2.021"/>
  <system-out><![CDATA[데이터 존재
]]></system-out>
  <system-err><![CDATA[]]></system-err>
</testsuite>
