<?xml version="1.0" encoding="UTF-8"?>
<testsuite name="parking_lot.ParkingAPITest" tests="4" skipped="0" failures="0" errors="0" timestamp="2024-11-30T23:23:53" hostname="Byeonggilui-MacBookPro-2.local" time="8.253">
  <properties/>
  <testcase name="success()" classname="parking_lot.ParkingAPITest" time="0.006"/>
  <testcase name="eviction2()" classname="parking_lot.ParkingAPITest" time="0.207"/>
  <testcase name="retry()" classname="parking_lot.ParkingAPITest" time="7.029"/>
  <testcase name="eviction()" classname="parking_lot.ParkingAPITest" time="1.006"/>
  <system-out><![CDATA[Retrieve from cache : com.bgpark.parking_lot.ParkingAPI$CacheValue@46cdf8bd
Retrieve from cache : com.bgpark.parking_lot.ParkingAPI$CacheValue@58cbafc2
Exception 발생 : 0, 현재 딜레이: 500
Exception 발생 : 1, 현재 딜레이: 1000
Exception 발생 : 2, 현재 딜레이: 2000
최대 retry 횟수 초과, 종료 중...
]]></system-out>
  <system-err><![CDATA[]]></system-err>
</testsuite>
