<?xml version="1.0" encoding="UTF-8"?>
<testsuite name="com.bgpark.config.builder.FoodOrderTest" tests="1" skipped="0" failures="0" errors="0" timestamp="2024-11-04T23:58:26" hostname="Byeonggilui-MacBookPro-2.local" time="0.006">
  <properties/>
  <testcase name="name()" classname="com.bgpark.config.builder.FoodOrderTest" time="0.006"/>
  <system-out><![CDATA[]]></system-out>
  <system-err><![CDATA[]]></system-err>
</testsuite>
